  [4;36;1mSQL (0.3ms)[0m   [0;1m SELECT name
 FROM sqlite_master
 WHERE type = 'table' AND NOT name = 'sqlite_sequence'
[0m
  [4;35;1mSQL (0.1ms)[0m   [0mselect sqlite_version(*)[0m
  [4;36;1mSQL (20.5ms)[0m   [0;1mCREATE TABLE "schema_migrations" ("version" varchar(255) NOT NULL) [0m
  [4;35;1mSQL (13.4ms)[0m   [0mCREATE UNIQUE INDEX "unique_schema_migrations" ON "schema_migrations" ("version")[0m
  [4;36;1mSQL (0.3ms)[0m   [0;1m SELECT name
 FROM sqlite_master
 WHERE type = 'table' AND NOT name = 'sqlite_sequence'
[0m
  [4;35;1mSQL (0.2ms)[0m   [0mSELECT version FROM schema_migrations[0m
Migrating to CreateTransactionTypes (20100202033517)
  [4;36;1mSQL (0.6ms)[0m   [0;1mCREATE TABLE "transaction_types" ("id" INTEGER PRIMARY KEY AUTOINCREMENT NOT NULL, "name" varchar(255), "created_at" datetime, "updated_at" datetime) [0m
  [4;35;1mSQL (0.1ms)[0m   [0mINSERT INTO schema_migrations (version) VALUES ('20100202033517')[0m
Migrating to CreateTransactions (20100202033800)
  [4;36;1mSQL (0.6ms)[0m   [0;1mCREATE TABLE "transactions" ("id" INTEGER PRIMARY KEY AUTOINCREMENT NOT NULL, "check_number" varchar(255), "transaction_type_id" integer, "payee" varchar(255), "amount" float, "cleared" boolean, "created_at" datetime, "updated_at" datetime) [0m
  [4;35;1mSQL (0.2ms)[0m   [0mINSERT INTO schema_migrations (version) VALUES ('20100202033800')[0m
Migrating to CreateCategories (20100202033945)
  [4;36;1mSQL (0.6ms)[0m   [0;1mCREATE TABLE "categories" ("id" INTEGER PRIMARY KEY AUTOINCREMENT NOT NULL, "name" varchar(255), "user_id" integer, "created_at" datetime, "updated_at" datetime) [0m
  [4;35;1mSQL (0.2ms)[0m   [0mINSERT INTO schema_migrations (version) VALUES ('20100202033945')[0m
Migrating to CreateUsers (20100202034824)
  [4;36;1mSQL (0.9ms)[0m   [0;1mCREATE TABLE "users" ("id" INTEGER PRIMARY KEY AUTOINCREMENT NOT NULL, "username" varchar(255), "email" varchar(255), "password_hash" varchar(255), "password_salt" varchar(255), "name" varchar(255), "created_at" datetime, "updated_at" datetime) [0m
  [4;35;1mSQL (0.1ms)[0m   [0mINSERT INTO schema_migrations (version) VALUES ('20100202034824')[0m
  [4;36;1mSQL (0.4ms)[0m   [0;1m SELECT name
 FROM sqlite_master
 WHERE type = 'table' AND NOT name = 'sqlite_sequence'
[0m
  [4;35;1mSQL (0.2ms)[0m   [0mSELECT version FROM schema_migrations[0m
  [4;36;1mSQL (0.3ms)[0m   [0;1m SELECT name
 FROM sqlite_master
 WHERE type = 'table' AND NOT name = 'sqlite_sequence'
[0m
  [4;35;1mSQL (0.1ms)[0m   [0mPRAGMA index_list("categories")[0m
  [4;36;1mSQL (0.0ms)[0m   [0;1mPRAGMA index_list("transaction_types")[0m
  [4;35;1mSQL (0.0ms)[0m   [0mPRAGMA index_list("transactions")[0m
  [4;36;1mSQL (0.1ms)[0m   [0;1mPRAGMA index_list("users")[0m


Processing UsersController#index (for 127.0.0.1 at 2010-02-01 20:51:56) [GET]
  Parameters: {"action"=>"index", "controller"=>"users"}

ActionController::UnknownAction (No action responded to index. Actions: create, current_user, logged_in?, login_required, new, and redirect_to_target_or_default):
  passenger (2.2.5) lib/phusion_passenger/rack/request_handler.rb:95:in `process_request'
  passenger (2.2.5) lib/phusion_passenger/abstract_request_handler.rb:207:in `main_loop'
  passenger (2.2.5) lib/phusion_passenger/railz/application_spawner.rb:378:in `start_request_handler'
  passenger (2.2.5) lib/phusion_passenger/railz/application_spawner.rb:336:in `handle_spawn_application'
  passenger (2.2.5) lib/phusion_passenger/utils.rb:183:in `safe_fork'
  passenger (2.2.5) lib/phusion_passenger/railz/application_spawner.rb:334:in `handle_spawn_application'
  passenger (2.2.5) lib/phusion_passenger/abstract_server.rb:352:in `__send__'
  passenger (2.2.5) lib/phusion_passenger/abstract_server.rb:352:in `main_loop'
  passenger (2.2.5) lib/phusion_passenger/abstract_server.rb:196:in `start_synchronously'
  passenger (2.2.5) lib/phusion_passenger/abstract_server.rb:163:in `start'
  passenger (2.2.5) lib/phusion_passenger/railz/application_spawner.rb:213:in `start'
  passenger (2.2.5) lib/phusion_passenger/spawn_manager.rb:262:in `spawn_rails_application'
  passenger (2.2.5) lib/phusion_passenger/abstract_server_collection.rb:126:in `lookup_or_add'
  passenger (2.2.5) lib/phusion_passenger/spawn_manager.rb:256:in `spawn_rails_application'
  passenger (2.2.5) lib/phusion_passenger/abstract_server_collection.rb:80:in `synchronize'
  passenger (2.2.5) lib/phusion_passenger/abstract_server_collection.rb:79:in `synchronize'
  passenger (2.2.5) lib/phusion_passenger/spawn_manager.rb:255:in `spawn_rails_application'
  passenger (2.2.5) lib/phusion_passenger/spawn_manager.rb:154:in `spawn_application'
  passenger (2.2.5) lib/phusion_passenger/spawn_manager.rb:287:in `handle_spawn_application'
  passenger (2.2.5) lib/phusion_passenger/abstract_server.rb:352:in `__send__'
  passenger (2.2.5) lib/phusion_passenger/abstract_server.rb:352:in `main_loop'
  passenger (2.2.5) lib/phusion_passenger/abstract_server.rb:196:in `start_synchronously'

Rendering rescues/layout (not_found)


Processing UsersController#new (for 127.0.0.1 at 2010-02-01 20:52:34) [GET]
  Parameters: {"action"=>"new", "controller"=>"users"}
Rendering users/new

ActionView::TemplateError (undefined method `title' for #<ActionView::Base:0x104082a00>) on line #1 of app/views/users/new.html.erb:
1: <% title "Sign up" %>
2: 
3: <p>Already have an account? <%= link_to "Log in", login_path %>.</p>
4: 

    app/views/users/new.html.erb:1
    passenger (2.2.5) lib/phusion_passenger/rack/request_handler.rb:95:in `process_request'
    passenger (2.2.5) lib/phusion_passenger/abstract_request_handler.rb:207:in `main_loop'
    passenger (2.2.5) lib/phusion_passenger/railz/application_spawner.rb:378:in `start_request_handler'
    passenger (2.2.5) lib/phusion_passenger/railz/application_spawner.rb:336:in `handle_spawn_application'
    passenger (2.2.5) lib/phusion_passenger/utils.rb:183:in `safe_fork'
    passenger (2.2.5) lib/phusion_passenger/railz/application_spawner.rb:334:in `handle_spawn_application'
    passenger (2.2.5) lib/phusion_passenger/abstract_server.rb:352:in `__send__'
    passenger (2.2.5) lib/phusion_passenger/abstract_server.rb:352:in `main_loop'
    passenger (2.2.5) lib/phusion_passenger/abstract_server.rb:196:in `start_synchronously'
    passenger (2.2.5) lib/phusion_passenger/abstract_server.rb:163:in `start'
    passenger (2.2.5) lib/phusion_passenger/railz/application_spawner.rb:213:in `start'
    passenger (2.2.5) lib/phusion_passenger/spawn_manager.rb:262:in `spawn_rails_application'
    passenger (2.2.5) lib/phusion_passenger/abstract_server_collection.rb:126:in `lookup_or_add'
    passenger (2.2.5) lib/phusion_passenger/spawn_manager.rb:256:in `spawn_rails_application'
    passenger (2.2.5) lib/phusion_passenger/abstract_server_collection.rb:80:in `synchronize'
    passenger (2.2.5) lib/phusion_passenger/abstract_server_collection.rb:79:in `synchronize'
    passenger (2.2.5) lib/phusion_passenger/spawn_manager.rb:255:in `spawn_rails_application'
    passenger (2.2.5) lib/phusion_passenger/spawn_manager.rb:154:in `spawn_application'
    passenger (2.2.5) lib/phusion_passenger/spawn_manager.rb:287:in `handle_spawn_application'
    passenger (2.2.5) lib/phusion_passenger/abstract_server.rb:352:in `__send__'
    passenger (2.2.5) lib/phusion_passenger/abstract_server.rb:352:in `main_loop'
    passenger (2.2.5) lib/phusion_passenger/abstract_server.rb:196:in `start_synchronously'

Rendered rescues/_trace (915.2ms)
Rendered rescues/_request_and_response (1.5ms)
Rendering rescues/layout (internal_server_error)


Processing UsersController#new (for 127.0.0.1 at 2010-02-01 20:53:02) [GET]
  Parameters: {"action"=>"new", "controller"=>"users"}
Rendering template within layouts/application
Rendering users/new
Completed in 113ms (View: 106, DB: 0) | 200 OK [http://budgeteer.local/users/new]
  [4;36;1mSQL (0.7ms)[0m   [0;1m SELECT name
 FROM sqlite_master
 WHERE type = 'table' AND NOT name = 'sqlite_sequence'
[0m
  [4;35;1mSQL (0.4ms)[0m   [0mSELECT version FROM schema_migrations[0m
Migrating to CreateTransactionTypes (20100202033517)
Migrating to CreateTransactions (20100202033800)
Migrating to CreateCategories (20100202033945)
Migrating to CreateUsers (20100202034824)
Migrating to CreateAccounts (20100202035923)
  [4;36;1mSQL (0.1ms)[0m   [0;1mselect sqlite_version(*)[0m
  [4;35;1mSQL (0.7ms)[0m   [0mCREATE TABLE "accounts" ("id" INTEGER PRIMARY KEY AUTOINCREMENT NOT NULL, "name" varchar(255), "user_id" integer, "created_at" datetime, "updated_at" datetime) [0m
  [4;36;1mSQL (0.2ms)[0m   [0;1mINSERT INTO schema_migrations (version) VALUES ('20100202035923')[0m
  [4;35;1mSQL (0.5ms)[0m   [0m SELECT name
 FROM sqlite_master
 WHERE type = 'table' AND NOT name = 'sqlite_sequence'
[0m
  [4;36;1mSQL (0.2ms)[0m   [0;1mSELECT version FROM schema_migrations[0m
  [4;35;1mSQL (0.3ms)[0m   [0m SELECT name
 FROM sqlite_master
 WHERE type = 'table' AND NOT name = 'sqlite_sequence'
[0m
  [4;36;1mSQL (0.3ms)[0m   [0;1mPRAGMA index_list("accounts")[0m
  [4;35;1mSQL (0.1ms)[0m   [0mPRAGMA index_list("categories")[0m
  [4;36;1mSQL (0.1ms)[0m   [0;1mPRAGMA index_list("transaction_types")[0m
  [4;35;1mSQL (0.1ms)[0m   [0mPRAGMA index_list("transactions")[0m
  [4;36;1mSQL (0.1ms)[0m   [0;1mPRAGMA index_list("users")[0m


Processing UsersController#create (for 127.0.0.1 at 2010-02-01 21:02:39) [POST]
  Parameters: {"commit"=>"Sign up", "action"=>"create", "authenticity_token"=>"cDyd4u4DCuk01zQWz8AFzwQJLNXNTsj1nHqSI+24Cw8=", "controller"=>"users", "user"=>{"password_confirmation"=>"[FILTERED]", "username"=>"woody2shoes", "password"=>"[FILTERED]", "email"=>"chuck@lostjungles.com"}}
  [4;36;1mUser Load (19.6ms)[0m   [0;1mSELECT "users".id FROM "users" WHERE ("users"."username" = 'woody2shoes') LIMIT 1[0m
  [4;35;1mUser Load (0.2ms)[0m   [0mSELECT "users".id FROM "users" WHERE ("users"."email" = 'chuck@lostjungles.com') LIMIT 1[0m
  [4;36;1mUser Create (0.8ms)[0m   [0;1mINSERT INTO "users" ("name", "created_at", "updated_at", "username", "password_salt", "password_hash", "email") VALUES(NULL, '2010-02-02 04:02:39', '2010-02-02 04:02:39', 'woody2shoes', '4ac30c5187371ee7b39efa1572f58a0ebe68d623', '913557783a2f0848129d721213b64ee514f9776c', 'chuck@lostjungles.com')[0m

NameError (undefined local variable or method `root_url' for #<UsersController:0x1040303b8>):
  app/controllers/users_controller.rb:11:in `create'
  passenger (2.2.5) lib/phusion_passenger/rack/request_handler.rb:95:in `process_request'
  passenger (2.2.5) lib/phusion_passenger/abstract_request_handler.rb:207:in `main_loop'
  passenger (2.2.5) lib/phusion_passenger/railz/application_spawner.rb:378:in `start_request_handler'
  passenger (2.2.5) lib/phusion_passenger/railz/application_spawner.rb:336:in `handle_spawn_application'
  passenger (2.2.5) lib/phusion_passenger/utils.rb:183:in `safe_fork'
  passenger (2.2.5) lib/phusion_passenger/railz/application_spawner.rb:334:in `handle_spawn_application'
  passenger (2.2.5) lib/phusion_passenger/abstract_server.rb:352:in `__send__'
  passenger (2.2.5) lib/phusion_passenger/abstract_server.rb:352:in `main_loop'
  passenger (2.2.5) lib/phusion_passenger/abstract_server.rb:196:in `start_synchronously'
  passenger (2.2.5) lib/phusion_passenger/abstract_server.rb:163:in `start'
  passenger (2.2.5) lib/phusion_passenger/railz/application_spawner.rb:213:in `start'
  passenger (2.2.5) lib/phusion_passenger/spawn_manager.rb:262:in `spawn_rails_application'
  passenger (2.2.5) lib/phusion_passenger/abstract_server_collection.rb:126:in `lookup_or_add'
  passenger (2.2.5) lib/phusion_passenger/spawn_manager.rb:256:in `spawn_rails_application'
  passenger (2.2.5) lib/phusion_passenger/abstract_server_collection.rb:80:in `synchronize'
  passenger (2.2.5) lib/phusion_passenger/abstract_server_collection.rb:79:in `synchronize'
  passenger (2.2.5) lib/phusion_passenger/spawn_manager.rb:255:in `spawn_rails_application'
  passenger (2.2.5) lib/phusion_passenger/spawn_manager.rb:154:in `spawn_application'
  passenger (2.2.5) lib/phusion_passenger/spawn_manager.rb:287:in `handle_spawn_application'
  passenger (2.2.5) lib/phusion_passenger/abstract_server.rb:352:in `__send__'
  passenger (2.2.5) lib/phusion_passenger/abstract_server.rb:352:in `main_loop'
  passenger (2.2.5) lib/phusion_passenger/abstract_server.rb:196:in `start_synchronously'

Rendered rescues/_trace (126.5ms)
Rendered rescues/_request_and_response (1.6ms)
Rendering rescues/layout (internal_server_error)


Processing UsersController#create (for 127.0.0.1 at 2010-02-01 21:03:45) [POST]
  Parameters: {"commit"=>"Sign up", "action"=>"create", "authenticity_token"=>"cDyd4u4DCuk01zQWz8AFzwQJLNXNTsj1nHqSI+24Cw8=", "controller"=>"users", "user"=>{"password_confirmation"=>"[FILTERED]", "username"=>"woody2shoes", "password"=>"[FILTERED]", "email"=>"chuck@lostjungles.com"}}
  [4;35;1mUser Load (12.2ms)[0m   [0mSELECT "users".id FROM "users" WHERE ("users"."username" = 'woody2shoes') LIMIT 1[0m
  [4;36;1mUser Load (0.2ms)[0m   [0;1mSELECT "users".id FROM "users" WHERE ("users"."email" = 'chuck@lostjungles.com') LIMIT 1[0m
Rendering template within layouts/application
Rendering users/new
Completed in 160ms (View: 136, DB: 12) | 200 OK [http://budgeteer.local/users]


Processing SessionsController#new (for 127.0.0.1 at 2010-02-01 21:03:53) [GET]
  Parameters: {"action"=>"new", "controller"=>"sessions"}
Rendering template within layouts/application
Rendering sessions/new
Completed in 12ms (View: 11, DB: 0) | 200 OK [http://budgeteer.local/login]


Processing SessionsController#create (for 127.0.0.1 at 2010-02-01 21:03:59) [POST]
  Parameters: {"commit"=>"Log in", "action"=>"create", "authenticity_token"=>"cDyd4u4DCuk01zQWz8AFzwQJLNXNTsj1nHqSI+24Cw8=", "controller"=>"sessions", "login"=>"woody2shoes", "password"=>"[FILTERED]"}
  [4;35;1mUser Load (28.3ms)[0m   [0mSELECT * FROM "users" WHERE ("users"."username" = 'woody2shoes') LIMIT 1[0m
Redirected to http://budgeteer.local/
Completed in 197ms (DB: 28) | 302 Found [http://budgeteer.local/sessions]
  [4;36;1mSQL (0.8ms)[0m   [0;1m SELECT name
 FROM sqlite_master
 WHERE type = 'table' AND NOT name = 'sqlite_sequence'
[0m
  [4;35;1mSQL (0.5ms)[0m   [0mSELECT version FROM schema_migrations[0m
Migrating to CreateTransactionTypes (20100202033517)
Migrating to CreateTransactions (20100202033800)
Migrating to CreateCategories (20100202033945)
Migrating to CreateUsers (20100202034824)
Migrating to CreateAccounts (20100202035923)
  [4;36;1mSQL (0.5ms)[0m   [0;1mselect sqlite_version(*)[0m
  [4;35;1mSQL (0.4ms)[0m   [0m SELECT name
 FROM sqlite_master
 WHERE type = 'table' AND NOT name = 'sqlite_sequence'
[0m
  [4;36;1mSQL (0.3ms)[0m   [0;1mSELECT version FROM schema_migrations[0m
  [4;35;1mSQL (0.4ms)[0m   [0m SELECT name
 FROM sqlite_master
 WHERE type = 'table' AND NOT name = 'sqlite_sequence'
[0m
  [4;36;1mSQL (0.0ms)[0m   [0;1mPRAGMA index_list("accounts")[0m
  [4;35;1mSQL (0.1ms)[0m   [0mPRAGMA index_list("categories")[0m
  [4;36;1mSQL (0.1ms)[0m   [0;1mPRAGMA index_list("transaction_types")[0m
  [4;35;1mSQL (0.1ms)[0m   [0mPRAGMA index_list("transactions")[0m
  [4;36;1mSQL (0.1ms)[0m   [0;1mPRAGMA index_list("users")[0m


Processing SiteController#index (for 127.0.0.1 at 2010-02-01 21:04:41) [GET]
  Parameters: {"action"=>"index", "controller"=>"site"}
Rendering template within layouts/application
Rendering site/index
Completed in 10ms (View: 8, DB: 0) | 200 OK [http://budgeteer.local/]


Processing SiteController#index (for 127.0.0.1 at 2010-02-01 21:13:31) [GET]
  Parameters: {"action"=>"index", "controller"=>"site"}
  [4;36;1mUser Load (12.3ms)[0m   [0;1mSELECT * FROM "users" WHERE ("users"."id" = 1) [0m
Rendering template within layouts/application
Rendering site/user_index

ActionView::TemplateError (undefined local variable or method `accounts_new_path' for #<ActionView::Base:0x1040c0e68>) on line #2 of app/views/site/user_index.html.erb:
1: <h1>Accounts</h1>
2: <%= link_to accounts_new_path %>
3: <% @current_user.accounts.each do |account| %>
4:   <%= account.name %>
5: <% end %>

    app/views/site/user_index.html.erb:2
    app/controllers/site_controller.rb:4:in `index'
    passenger (2.2.5) lib/phusion_passenger/rack/request_handler.rb:95:in `process_request'
    passenger (2.2.5) lib/phusion_passenger/abstract_request_handler.rb:207:in `main_loop'
    passenger (2.2.5) lib/phusion_passenger/railz/application_spawner.rb:378:in `start_request_handler'
    passenger (2.2.5) lib/phusion_passenger/railz/application_spawner.rb:336:in `handle_spawn_application'
    passenger (2.2.5) lib/phusion_passenger/utils.rb:183:in `safe_fork'
    passenger (2.2.5) lib/phusion_passenger/railz/application_spawner.rb:334:in `handle_spawn_application'
    passenger (2.2.5) lib/phusion_passenger/abstract_server.rb:352:in `__send__'
    passenger (2.2.5) lib/phusion_passenger/abstract_server.rb:352:in `main_loop'
    passenger (2.2.5) lib/phusion_passenger/abstract_server.rb:196:in `start_synchronously'
    passenger (2.2.5) lib/phusion_passenger/abstract_server.rb:163:in `start'
    passenger (2.2.5) lib/phusion_passenger/railz/application_spawner.rb:213:in `start'
    passenger (2.2.5) lib/phusion_passenger/spawn_manager.rb:262:in `spawn_rails_application'
    passenger (2.2.5) lib/phusion_passenger/abstract_server_collection.rb:126:in `lookup_or_add'
    passenger (2.2.5) lib/phusion_passenger/spawn_manager.rb:256:in `spawn_rails_application'
    passenger (2.2.5) lib/phusion_passenger/abstract_server_collection.rb:80:in `synchronize'
    passenger (2.2.5) lib/phusion_passenger/abstract_server_collection.rb:79:in `synchronize'
    passenger (2.2.5) lib/phusion_passenger/spawn_manager.rb:255:in `spawn_rails_application'
    passenger (2.2.5) lib/phusion_passenger/spawn_manager.rb:154:in `spawn_application'
    passenger (2.2.5) lib/phusion_passenger/spawn_manager.rb:287:in `handle_spawn_application'
    passenger (2.2.5) lib/phusion_passenger/abstract_server.rb:352:in `__send__'
    passenger (2.2.5) lib/phusion_passenger/abstract_server.rb:352:in `main_loop'
    passenger (2.2.5) lib/phusion_passenger/abstract_server.rb:196:in `start_synchronously'

Rendered rescues/_trace (1572.7ms)
Rendered rescues/_request_and_response (1.4ms)
Rendering rescues/layout (internal_server_error)


Processing SiteController#index (for 127.0.0.1 at 2010-02-01 21:14:44) [GET]
  Parameters: {"action"=>"index", "controller"=>"site"}
  [4;35;1mUser Load (37.4ms)[0m   [0mSELECT * FROM "users" WHERE ("users"."id" = 1) [0m
Rendering template within layouts/application
Rendering site/user_index
  [4;36;1mAccount Load (0.5ms)[0m   [0;1mSELECT * FROM "accounts" WHERE ("accounts".user_id = 1) [0m
Completed in 203ms (View: 157, DB: 38) | 200 OK [http://budgeteer.local/]


Processing AccountsController#new (for 127.0.0.1 at 2010-02-01 21:14:46) [GET]
  Parameters: {"action"=>"new", "controller"=>"accounts"}
Rendering template within layouts/accounts
Rendering accounts/new
Completed in 73ms (View: 40, DB: 0) | 200 OK [http://budgeteer.local/accounts/new]


Processing AccountsController#create (for 127.0.0.1 at 2010-02-01 21:14:49) [POST]
  Parameters: {"commit"=>"Create", "action"=>"create", "authenticity_token"=>"cDyd4u4DCuk01zQWz8AFzwQJLNXNTsj1nHqSI+24Cw8=", "controller"=>"accounts"}
  [4;35;1mAccount Create (0.5ms)[0m   [0mINSERT INTO "accounts" ("name", "created_at", "updated_at", "user_id") VALUES(NULL, '2010-02-02 04:14:49', '2010-02-02 04:14:49', NULL)[0m
Redirected to http://budgeteer.local/accounts/1
Completed in 12ms (DB: 1) | 302 Found [http://budgeteer.local/accounts]


Processing AccountsController#show (for 127.0.0.1 at 2010-02-01 21:14:49) [GET]
  Parameters: {"action"=>"show", "id"=>"1", "controller"=>"accounts"}
  [4;36;1mAccount Load (0.3ms)[0m   [0;1mSELECT * FROM "accounts" WHERE ("accounts"."id" = 1) [0m
Rendering template within layouts/accounts
Rendering accounts/show
Completed in 14ms (View: 6, DB: 0) | 200 OK [http://budgeteer.local/accounts/1]


Processing AccountsController#index (for 127.0.0.1 at 2010-02-01 21:14:51) [GET]
  Parameters: {"action"=>"index", "controller"=>"accounts"}
  [4;35;1mAccount Load (0.6ms)[0m   [0mSELECT * FROM "accounts" [0m
Rendering template within layouts/accounts
Rendering accounts/index
Completed in 15ms (View: 10, DB: 1) | 200 OK [http://budgeteer.local/accounts]


Processing SiteController#index (for 127.0.0.1 at 2010-02-01 21:14:59) [GET]
  Parameters: {"action"=>"index", "controller"=>"site"}
  [4;36;1mUser Load (0.3ms)[0m   [0;1mSELECT * FROM "users" WHERE ("users"."id" = 1) [0m
Rendering template within layouts/application
Rendering site/user_index
  [4;35;1mAccount Load (0.3ms)[0m   [0mSELECT * FROM "accounts" WHERE ("accounts".user_id = 1) [0m
Completed in 13ms (View: 5, DB: 1) | 200 OK [http://budgeteer.local/]


Processing SiteController#index (for 127.0.0.1 at 2010-02-01 21:16:30) [GET]
  Parameters: {"action"=>"index", "controller"=>"site"}
  [4;36;1mUser Load (0.3ms)[0m   [0;1mSELECT * FROM "users" WHERE ("users"."id" = 1) [0m
Rendering template within layouts/application
Rendering site/user_index
  [4;35;1mAccount Load (0.2ms)[0m   [0mSELECT * FROM "accounts" WHERE ("accounts".user_id = 1) [0m
Completed in 14ms (View: 6, DB: 1) | 200 OK [http://budgeteer.local/]


Processing AccountsController#new (for 127.0.0.1 at 2010-02-01 21:16:41) [GET]
  Parameters: {"action"=>"new", "controller"=>"accounts"}
Rendering template within layouts/accounts
Rendering accounts/new
Completed in 93ms (View: 87, DB: 0) | 200 OK [http://budgeteer.local/accounts/new]


Processing AccountsController#create (for 127.0.0.1 at 2010-02-01 21:16:55) [POST]
  Parameters: {"commit"=>"Create", "action"=>"create", "authenticity_token"=>"cDyd4u4DCuk01zQWz8AFzwQJLNXNTsj1nHqSI+24Cw8=", "account"=>{"name"=>"American Express"}, "controller"=>"accounts"}
  [4;36;1mAccount Create (0.4ms)[0m   [0;1mINSERT INTO "accounts" ("name", "created_at", "updated_at", "user_id") VALUES('American Express', '2010-02-02 04:16:55', '2010-02-02 04:16:55', NULL)[0m
Redirected to http://budgeteer.local/accounts/2
Completed in 12ms (DB: 0) | 302 Found [http://budgeteer.local/accounts]


Processing AccountsController#show (for 127.0.0.1 at 2010-02-01 21:16:55) [GET]
  Parameters: {"action"=>"show", "id"=>"2", "controller"=>"accounts"}
  [4;35;1mAccount Load (0.2ms)[0m   [0mSELECT * FROM "accounts" WHERE ("accounts"."id" = 2) [0m
Rendering template within layouts/accounts
Rendering accounts/show
Completed in 8ms (View: 2, DB: 0) | 200 OK [http://budgeteer.local/accounts/2]


Processing SiteController#index (for 127.0.0.1 at 2010-02-01 21:17:00) [GET]
  Parameters: {"action"=>"index", "controller"=>"site"}
  [4;36;1mUser Load (23.1ms)[0m   [0;1mSELECT * FROM "users" WHERE ("users"."id" = 1) [0m
Rendering template within layouts/application
Rendering site/user_index
  [4;35;1mAccount Load (0.2ms)[0m   [0mSELECT * FROM "accounts" WHERE ("accounts".user_id = 1) [0m
Completed in 37ms (View: 6, DB: 23) | 200 OK [http://budgeteer.local/]


Processing SiteController#index (for 127.0.0.1 at 2010-02-01 21:17:02) [GET]
  Parameters: {"action"=>"index", "controller"=>"site"}
  [4;36;1mUser Load (0.3ms)[0m   [0;1mSELECT * FROM "users" WHERE ("users"."id" = 1) [0m
Rendering template within layouts/application
Rendering site/user_index
  [4;35;1mAccount Load (0.2ms)[0m   [0mSELECT * FROM "accounts" WHERE ("accounts".user_id = 1) [0m
Completed in 13ms (View: 5, DB: 0) | 200 OK [http://budgeteer.local/]


Processing AccountsController#new (for 127.0.0.1 at 2010-02-01 21:18:24) [GET]
  Parameters: {"action"=>"new", "controller"=>"accounts"}
Rendering template within layouts/accounts
Rendering accounts/new
Completed in 11ms (View: 5, DB: 0) | 200 OK [http://budgeteer.local/accounts/new]


Processing AccountsController#create (for 127.0.0.1 at 2010-02-01 21:18:29) [POST]
  Parameters: {"commit"=>"Create", "action"=>"create", "authenticity_token"=>"cDyd4u4DCuk01zQWz8AFzwQJLNXNTsj1nHqSI+24Cw8=", "account"=>{"name"=>"abcdefg"}, "controller"=>"accounts"}
  [4;36;1mUser Load (19.8ms)[0m   [0;1mSELECT * FROM "users" WHERE ("users"."id" = 1) [0m
  [4;35;1mAccount Create (0.6ms)[0m   [0mINSERT INTO "accounts" ("name", "created_at", "updated_at", "user_id") VALUES('abcdefg', '2010-02-02 04:18:29', '2010-02-02 04:18:29', 1)[0m
Redirected to http://budgeteer.local/accounts/3
Completed in 51ms (DB: 20) | 302 Found [http://budgeteer.local/accounts]


Processing AccountsController#show (for 127.0.0.1 at 2010-02-01 21:18:29) [GET]
  Parameters: {"action"=>"show", "id"=>"3", "controller"=>"accounts"}
  [4;36;1mAccount Load (0.2ms)[0m   [0;1mSELECT * FROM "accounts" WHERE ("accounts"."id" = 3) [0m
Rendering template within layouts/accounts
Rendering accounts/show
Completed in 8ms (View: 2, DB: 0) | 200 OK [http://budgeteer.local/accounts/3]


Processing SiteController#index (for 127.0.0.1 at 2010-02-01 21:18:33) [GET]
  Parameters: {"action"=>"index", "controller"=>"site"}
  [4;35;1mUser Load (0.3ms)[0m   [0mSELECT * FROM "users" WHERE ("users"."id" = 1) [0m
Rendering template within layouts/application
Rendering site/user_index
  [4;36;1mAccount Load (0.4ms)[0m   [0;1mSELECT * FROM "accounts" WHERE ("accounts".user_id = 1) [0m
Completed in 15ms (View: 7, DB: 1) | 200 OK [http://budgeteer.local/]


Processing SiteController#index (for 127.0.0.1 at 2010-02-01 21:19:38) [GET]
  Parameters: {"action"=>"index", "controller"=>"site"}
  [4;35;1mUser Load (0.3ms)[0m   [0mSELECT * FROM "users" WHERE ("users"."id" = 1) [0m
Rendering template within layouts/application
Rendering site/user_index
  [4;36;1mAccount Load (0.4ms)[0m   [0;1mSELECT * FROM "accounts" WHERE ("accounts".user_id = 1) [0m
Completed in 19ms (View: 11, DB: 1) | 200 OK [http://budgeteer.local/]


Processing ApplicationController#index (for 127.0.0.1 at 2010-02-01 21:33:14) [GET]

ActionController::RoutingError (No route matches "/register/3" with {:method=>:get}):
  passenger (2.2.5) lib/phusion_passenger/rack/request_handler.rb:95:in `process_request'
  passenger (2.2.5) lib/phusion_passenger/abstract_request_handler.rb:207:in `main_loop'
  passenger (2.2.5) lib/phusion_passenger/railz/application_spawner.rb:378:in `start_request_handler'
  passenger (2.2.5) lib/phusion_passenger/railz/application_spawner.rb:336:in `handle_spawn_application'
  passenger (2.2.5) lib/phusion_passenger/utils.rb:183:in `safe_fork'
  passenger (2.2.5) lib/phusion_passenger/railz/application_spawner.rb:334:in `handle_spawn_application'
  passenger (2.2.5) lib/phusion_passenger/abstract_server.rb:352:in `__send__'
  passenger (2.2.5) lib/phusion_passenger/abstract_server.rb:352:in `main_loop'
  passenger (2.2.5) lib/phusion_passenger/abstract_server.rb:196:in `start_synchronously'
  passenger (2.2.5) lib/phusion_passenger/abstract_server.rb:163:in `start'
  passenger (2.2.5) lib/phusion_passenger/railz/application_spawner.rb:213:in `start'
  passenger (2.2.5) lib/phusion_passenger/spawn_manager.rb:262:in `spawn_rails_application'
  passenger (2.2.5) lib/phusion_passenger/abstract_server_collection.rb:126:in `lookup_or_add'
  passenger (2.2.5) lib/phusion_passenger/spawn_manager.rb:256:in `spawn_rails_application'
  passenger (2.2.5) lib/phusion_passenger/abstract_server_collection.rb:80:in `synchronize'
  passenger (2.2.5) lib/phusion_passenger/abstract_server_collection.rb:79:in `synchronize'
  passenger (2.2.5) lib/phusion_passenger/spawn_manager.rb:255:in `spawn_rails_application'
  passenger (2.2.5) lib/phusion_passenger/spawn_manager.rb:154:in `spawn_application'
  passenger (2.2.5) lib/phusion_passenger/spawn_manager.rb:287:in `handle_spawn_application'
  passenger (2.2.5) lib/phusion_passenger/abstract_server.rb:352:in `__send__'
  passenger (2.2.5) lib/phusion_passenger/abstract_server.rb:352:in `main_loop'
  passenger (2.2.5) lib/phusion_passenger/abstract_server.rb:196:in `start_synchronously'

Rendering rescues/layout (not_found)


Processing SiteController#index (for 127.0.0.1 at 2010-02-01 22:05:00) [GET]
  Parameters: {"action"=>"index", "controller"=>"site"}
  [4;36;1mUser Load (14.2ms)[0m   [0;1mSELECT * FROM "users" WHERE ("users"."id" = 1) [0m
Rendering template within layouts/application
Rendering site/user_index
  [4;35;1mAccount Load (14.8ms)[0m   [0mSELECT * FROM "accounts" WHERE ("accounts".user_id = 1) [0m
Completed in 2677ms (View: 1246, DB: 29) | 200 OK [http://budgeteer.local/]
  [4;36;1mSQL (0.2ms)[0m   [0;1mSET SQL_AUTO_IS_NULL=0[0m
  [4;35;1mSQL (91.4ms)[0m   [0mSHOW TABLES[0m
  [4;36;1mSQL (509.6ms)[0m   [0;1mCREATE TABLE `schema_migrations` (`version` varchar(255) NOT NULL) ENGINE=InnoDB[0m
  [4;35;1mSQL (386.4ms)[0m   [0mCREATE UNIQUE INDEX `unique_schema_migrations` ON `schema_migrations` (`version`)[0m
  [4;36;1mSQL (0.6ms)[0m   [0;1mSHOW TABLES[0m
  [4;35;1mSQL (0.5ms)[0m   [0mSELECT version FROM schema_migrations[0m
Migrating to CreateTransactionTypes (20100202033517)
  [4;36;1mSQL (215.0ms)[0m   [0;1mCREATE TABLE `transaction_types` (`id` int(11) DEFAULT NULL auto_increment PRIMARY KEY, `name` varchar(255), `created_at` datetime, `updated_at` datetime) ENGINE=InnoDB[0m
  [4;35;1mSQL (0.8ms)[0m   [0mINSERT INTO schema_migrations (version) VALUES ('20100202033517')[0m
Migrating to CreateTransactions (20100202033800)
  [4;36;1mSQL (124.9ms)[0m   [0;1mCREATE TABLE `transactions` (`id` int(11) DEFAULT NULL auto_increment PRIMARY KEY, `check_number` varchar(255), `transaction_type_id` int(11), `payee` varchar(255), `amount` float, `cleared` tinyint(1), `created_at` datetime, `updated_at` datetime) ENGINE=InnoDB[0m
  [4;35;1mSQL (0.8ms)[0m   [0mINSERT INTO schema_migrations (version) VALUES ('20100202033800')[0m
Migrating to CreateCategories (20100202033945)
  [4;36;1mSQL (119.7ms)[0m   [0;1mCREATE TABLE `categories` (`id` int(11) DEFAULT NULL auto_increment PRIMARY KEY, `name` varchar(255), `user_id` int(11), `created_at` datetime, `updated_at` datetime) ENGINE=InnoDB[0m
  [4;35;1mSQL (1.0ms)[0m   [0mINSERT INTO schema_migrations (version) VALUES ('20100202033945')[0m
Migrating to CreateUsers (20100202034824)
  [4;36;1mSQL (107.9ms)[0m   [0;1mCREATE TABLE `users` (`id` int(11) DEFAULT NULL auto_increment PRIMARY KEY, `username` varchar(255), `email` varchar(255), `password_hash` varchar(255), `password_salt` varchar(255), `name` varchar(255), `created_at` datetime, `updated_at` datetime) ENGINE=InnoDB[0m
  [4;35;1mSQL (0.9ms)[0m   [0mINSERT INTO schema_migrations (version) VALUES ('20100202034824')[0m
Migrating to CreateAccounts (20100202035923)
  [4;36;1mSQL (107.8ms)[0m   [0;1mCREATE TABLE `accounts` (`id` int(11) DEFAULT NULL auto_increment PRIMARY KEY, `name` varchar(255), `user_id` int(11), `created_at` datetime, `updated_at` datetime) ENGINE=InnoDB[0m
  [4;35;1mSQL (1.1ms)[0m   [0mINSERT INTO schema_migrations (version) VALUES ('20100202035923')[0m
  [4;36;1mSQL (0.6ms)[0m   [0;1mSHOW TABLES[0m
  [4;35;1mSQL (0.2ms)[0m   [0mSELECT version FROM schema_migrations[0m
  [4;36;1mSQL (0.3ms)[0m   [0;1mSHOW TABLES[0m
  [4;35;1mSQL (101.0ms)[0m   [0mSHOW FIELDS FROM `accounts`[0m
  [4;36;1mSQL (1.6ms)[0m   [0;1mdescribe `accounts`[0m
  [4;35;1mSQL (1.0ms)[0m   [0mSHOW KEYS FROM `accounts`[0m
  [4;36;1mSQL (1.4ms)[0m   [0;1mSHOW FIELDS FROM `categories`[0m
  [4;35;1mSQL (2.6ms)[0m   [0mdescribe `categories`[0m
  [4;36;1mSQL (0.5ms)[0m   [0;1mSHOW KEYS FROM `categories`[0m
  [4;35;1mSQL (1.4ms)[0m   [0mSHOW FIELDS FROM `transaction_types`[0m
  [4;36;1mSQL (1.5ms)[0m   [0;1mdescribe `transaction_types`[0m
  [4;35;1mSQL (0.7ms)[0m   [0mSHOW KEYS FROM `transaction_types`[0m
  [4;36;1mSQL (2.4ms)[0m   [0;1mSHOW FIELDS FROM `transactions`[0m
  [4;35;1mSQL (1.6ms)[0m   [0mdescribe `transactions`[0m
  [4;36;1mSQL (0.4ms)[0m   [0;1mSHOW KEYS FROM `transactions`[0m
  [4;35;1mSQL (1.3ms)[0m   [0mSHOW FIELDS FROM `users`[0m
  [4;36;1mSQL (1.4ms)[0m   [0;1mdescribe `users`[0m
  [4;35;1mSQL (0.9ms)[0m   [0mSHOW KEYS FROM `users`[0m
  [4;36;1mSQL (0.2ms)[0m   [0;1mSET SQL_AUTO_IS_NULL=0[0m


Processing SiteController#index (for 127.0.0.1 at 2010-02-02 23:16:54) [GET]
  Parameters: {"action"=>"index", "controller"=>"site"}
  [4;35;1mUser Columns (292.1ms)[0m   [0mSHOW FIELDS FROM `users`[0m
  [4;36;1mUser Load (173.6ms)[0m   [0;1mSELECT * FROM `users` WHERE (`users`.`id` = 1) [0m

ActiveRecord::RecordNotFound (Couldn't find User with ID=1):
  lib/authentication.rb:24:in `current_user'
  app/controllers/site_controller.rb:3:in `index'
  passenger (2.2.5) lib/phusion_passenger/rack/request_handler.rb:95:in `process_request'
  passenger (2.2.5) lib/phusion_passenger/abstract_request_handler.rb:207:in `main_loop'
  passenger (2.2.5) lib/phusion_passenger/railz/application_spawner.rb:378:in `start_request_handler'
  passenger (2.2.5) lib/phusion_passenger/railz/application_spawner.rb:336:in `handle_spawn_application'
  passenger (2.2.5) lib/phusion_passenger/utils.rb:183:in `safe_fork'
  passenger (2.2.5) lib/phusion_passenger/railz/application_spawner.rb:334:in `handle_spawn_application'
  passenger (2.2.5) lib/phusion_passenger/abstract_server.rb:352:in `__send__'
  passenger (2.2.5) lib/phusion_passenger/abstract_server.rb:352:in `main_loop'
  passenger (2.2.5) lib/phusion_passenger/abstract_server.rb:196:in `start_synchronously'
  passenger (2.2.5) lib/phusion_passenger/abstract_server.rb:163:in `start'
  passenger (2.2.5) lib/phusion_passenger/railz/application_spawner.rb:213:in `start'
  passenger (2.2.5) lib/phusion_passenger/spawn_manager.rb:262:in `spawn_rails_application'
  passenger (2.2.5) lib/phusion_passenger/abstract_server_collection.rb:126:in `lookup_or_add'
  passenger (2.2.5) lib/phusion_passenger/spawn_manager.rb:256:in `spawn_rails_application'
  passenger (2.2.5) lib/phusion_passenger/abstract_server_collection.rb:80:in `synchronize'
  passenger (2.2.5) lib/phusion_passenger/abstract_server_collection.rb:79:in `synchronize'
  passenger (2.2.5) lib/phusion_passenger/spawn_manager.rb:255:in `spawn_rails_application'
  passenger (2.2.5) lib/phusion_passenger/spawn_manager.rb:154:in `spawn_application'
  passenger (2.2.5) lib/phusion_passenger/spawn_manager.rb:287:in `handle_spawn_application'
  passenger (2.2.5) lib/phusion_passenger/abstract_server.rb:352:in `__send__'
  passenger (2.2.5) lib/phusion_passenger/abstract_server.rb:352:in `main_loop'
  passenger (2.2.5) lib/phusion_passenger/abstract_server.rb:196:in `start_synchronously'

Rendered rescues/_trace (148.4ms)
Rendered rescues/_request_and_response (2.0ms)
Rendering rescues/layout (not_found)
  [4;35;1mSQL (0.1ms)[0m   [0mSET SQL_AUTO_IS_NULL=0[0m


Processing UsersController#new (for 127.0.0.1 at 2010-02-02 23:17:11) [GET]
  Parameters: {"action"=>"new", "controller"=>"users"}
  [4;36;1mUser Columns (1.6ms)[0m   [0;1mSHOW FIELDS FROM `users`[0m
Rendering template within layouts/application
Rendering users/new
Completed in 4259ms (View: 4238, DB: 2) | 200 OK [http://budgeteer.local/users/new]
  [4;35;1mSQL (0.1ms)[0m   [0mSET SQL_AUTO_IS_NULL=0[0m


Processing UsersController#create (for 127.0.0.1 at 2010-02-02 23:18:02) [POST]
  Parameters: {"commit"=>"Sign up", "action"=>"create", "authenticity_token"=>"cDyd4u4DCuk01zQWz8AFzwQJLNXNTsj1nHqSI+24Cw8=", "controller"=>"users", "user"=>{"password_confirmation"=>"[FILTERED]", "username"=>"woody2shoes", "password"=>"[FILTERED]", "email"=>"chuck@lostjungles.com"}}
  [4;36;1mUser Columns (61.5ms)[0m   [0;1mSHOW FIELDS FROM `users`[0m
  [4;35;1mSQL (24.8ms)[0m   [0mBEGIN[0m
  [4;36;1mUser Load (114.0ms)[0m   [0;1mSELECT `users`.id FROM `users` WHERE (`users`.`username` = BINARY 'woody2shoes') LIMIT 1[0m
  [4;35;1mUser Load (0.3ms)[0m   [0mSELECT `users`.id FROM `users` WHERE (`users`.`email` = BINARY 'chuck@lostjungles.com') LIMIT 1[0m
  [4;36;1mUser Create (59.6ms)[0m   [0;1mINSERT INTO `users` (`name`, `created_at`, `updated_at`, `username`, `password_salt`, `password_hash`, `email`) VALUES(NULL, '2010-02-03 06:18:02', '2010-02-03 06:18:02', 'woody2shoes', 'ab8880350cfee484e457fc112e2c986a00d731be', 'b49b0486f0730217dc4f4055c0ec1dcd566a6134', 'chuck@lostjungles.com')[0m
  [4;35;1mSQL (12.6ms)[0m   [0mCOMMIT[0m
Redirected to http://budgeteer.local/
Completed in 407ms (DB: 273) | 302 Found [http://budgeteer.local/users]
  [4;36;1mSQL (0.1ms)[0m   [0;1mSET SQL_AUTO_IS_NULL=0[0m


Processing SiteController#index (for 127.0.0.1 at 2010-02-02 23:18:02) [GET]
  Parameters: {"action"=>"index", "controller"=>"site"}
  [4;35;1mUser Columns (1.6ms)[0m   [0mSHOW FIELDS FROM `users`[0m
  [4;36;1mUser Load (35.8ms)[0m   [0;1mSELECT * FROM `users` WHERE (`users`.`id` = 1) [0m
Rendering template within layouts/application
Rendering site/user_index
  [4;35;1mAccount Load (0.4ms)[0m   [0mSELECT * FROM `accounts` WHERE (`accounts`.user_id = 1) [0m
Completed in 268ms (View: 224, DB: 38) | 200 OK [http://budgeteer.local/]
  [4;36;1mSQL (0.1ms)[0m   [0;1mSET SQL_AUTO_IS_NULL=0[0m


Processing AccountsController#new (for 127.0.0.1 at 2010-02-02 23:18:10) [GET]
  Parameters: {"action"=>"new", "controller"=>"accounts"}
  [4;35;1mAccount Columns (1.4ms)[0m   [0mSHOW FIELDS FROM `accounts`[0m
Rendering template within layouts/application
Rendering accounts/new
Completed in 52ms (View: 15, DB: 2) | 200 OK [http://budgeteer.local/accounts/new]
  [4;36;1mSQL (0.2ms)[0m   [0;1mSET SQL_AUTO_IS_NULL=0[0m


Processing AccountsController#create (for 127.0.0.1 at 2010-02-02 23:18:25) [POST]
  Parameters: {"commit"=>"Create", "action"=>"create", "authenticity_token"=>"cDyd4u4DCuk01zQWz8AFzwQJLNXNTsj1nHqSI+24Cw8=", "account"=>{"name"=>"American Express"}, "controller"=>"accounts"}
  [4;35;1mUser Columns (1.5ms)[0m   [0mSHOW FIELDS FROM `users`[0m
  [4;36;1mUser Load (0.3ms)[0m   [0;1mSELECT * FROM `users` WHERE (`users`.`id` = 1) [0m
  [4;35;1mAccount Columns (1.4ms)[0m   [0mSHOW FIELDS FROM `accounts`[0m
  [4;36;1mSQL (0.1ms)[0m   [0;1mBEGIN[0m
  [4;35;1mAccount Create (0.3ms)[0m   [0mINSERT INTO `accounts` (`name`, `created_at`, `updated_at`, `user_id`) VALUES('American Express', '2010-02-03 06:18:25', '2010-02-03 06:18:25', 1)[0m
  [4;36;1mSQL (0.5ms)[0m   [0;1mCOMMIT[0m
Redirected to http://budgeteer.local/accounts/1
Completed in 96ms (DB: 4) | 302 Found [http://budgeteer.local/accounts]
  [4;35;1mSQL (0.1ms)[0m   [0mSET SQL_AUTO_IS_NULL=0[0m


Processing AccountsController#show (for 127.0.0.1 at 2010-02-02 23:18:25) [GET]
  Parameters: {"action"=>"show", "id"=>"1", "controller"=>"accounts"}
  [4;36;1mAccount Columns (1.4ms)[0m   [0;1mSHOW FIELDS FROM `accounts`[0m
  [4;35;1mAccount Load (0.3ms)[0m   [0mSELECT * FROM `accounts` WHERE (`accounts`.`id` = 1) [0m
Rendering template within layouts/application
Rendering accounts/show
Completed in 40ms (View: 33, DB: 2) | 200 OK [http://budgeteer.local/accounts/1]
